<?xml version="1.0" encoding="UTF-8"?>
<testsuite xmlns:xsi="http://www.w3.org/2001/XMLSchema-instance" xsi:noNamespaceSchemaLocation="https://maven.apache.org/surefire/maven-surefire-plugin/xsd/surefire-test-report-3.0.xsd" version="3.0" name="com.hexaware.dao.test.PayRollServiceDaoTest" time="0.058" tests="1" errors="0" skipped="0" failures="0">
  <properties>
[...]
</properties>
  <testcase name="processPayrollForMultipleEmployees" classname="com.hexaware.dao.test.PayRollServiceDaoTest" time="0.049">
    <system-out><![CDATA[From Setup() PayrollServiceDao
Payroll added successfully.
Payroll added successfully.
From tearDown() PayrollServiceDao
]]></system-out>
  </testcase>
</testsuite>